./PDF/P03.09.1.pdf
./PDF/M02.07.1.pdf::Invalid row count encountered::[]
./PDF/AT.4.1.pdf
./PDF/C01.04.1.pdf
./PDF/O02.04.1.pdf
./PDF/YT.0.25.pdf
./PDF/T02.1.3.pdf
./PDF/T12.1.3.pdf
./PDF/Z80.1.1.pdf
./PDF/K01.02.1.pdf::Invalid row count encountered::[]
./PDF/D04.09.1.pdf
./PDF/ST.7.1.pdf
./PDF/N02.10.1.pdf
./PDF/Z39.1.1.pdf
./PDF/G02.02.1.pdf
./PDF/B03.06.1.pdf::Invalid row count encountered::[]
./PDF/T12.1.2.pdf
./PDF/T02.1.2.pdf
./PDF/Z64.1.1.pdf
./PDF/D01.03.1.pdf::Invalid row count encountered::[]
./PDF/Z16.1.1.pdf::Invalid row count encountered::[]
./PDF/Z06.1.1.pdf
./PDF/A03.11.1.pdf::Invalid row count encountered::[]
./PDF/O01.12.1.pdf::Invalid row count encountered::[]
./PDF/GT.1.1.pdf
./PDF/FT.1.1.pdf
./PDF/Q03.04.1.pdf
./PDF/H02.03.1.pdf
./PDF/M02.07.2.pdf
./PDF/D01.01.1.pdf::Invalid row count encountered::[]
./PDF/E03.07.4.pdf
./PDF/GT.3.1.pdf
./PDF/Z20.1.1.pdf
./PDF/FT.3.1.pdf
./PDF/A03.13.1.pdf
./PDF/Z52.1.1.pdf::Invalid row count encountered::[]
./PDF/Z42.1.1.pdf::Invalid row count encountered::[]
./PDF/T13.1.5.pdf
./PDF/N02.10.2.pdf
./PDF/G02.02.2.pdf
./PDF/G02.02.3.pdf::Invalid row count encountered::[]
./PDF/N02.10.3.pdf
./PDF/MT.1.1.pdf
./PDF/T13.1.4.pdf
./PDF/LT.1.1.pdf
./PDF/X01.1.1.pdf
./PDF/T03.1.4.pdf
./PDF/C03.09.1.pdf::Invalid row count encountered::[]
./PDF/N03.12.1.pdf
./PDF/ST.5.1.pdf
./PDF/T02.1.1.pdf::Invalid row count encountered::[]
./PDF/T12.1.1.pdf
./PDF/C01.06.1.pdf
./PDF/YT.0.33.pdf
./PDF/M02.07.3.pdf
./PDF/GT.1.2.pdf
./PDF/H02.03.2.pdf
./PDF/ST.1.1.pdf
./PDF/RT.1.1.pdf
./PDF/N01.02.2.pdf
./PDF/G03.04.1.pdf
./PDF/R01.01.3.pdf::Invalid row count encountered::[]
./PDF/Z21.1.1.pdf::Invalid row count encountered::[]
./PDF/Z31.1.1.pdf
./PDF/E03.07.1.pdf
./PDF/K01.04.1.pdf
./PDF/YT.0.37.pdf
./PDF/S01.1.1.pdf
./PDF/P01.02.3.pdf
./PDF/A01.01.1.pdf
./PDF/Q05.05.3.pdf
./PDF/F02.10.1.pdf
./PDF/D03.13.1.pdf
./PDF/Z43.1.1.pdf
./PDF/Z53.1.1.pdf::Invalid row count encountered::[]
./PDF/Q05.07.1.pdf::Invalid row count encountered::[]
./PDF/I03.08.1.pdf::Invalid row count encountered::[]
./PDF/C01.02.1.pdf::Invalid row count encountered::[]
./PDF/Q03.02.1.pdf
./PDF/C04.13.2.pdf
./PDF/T13.1.1.pdf
./PDF/T03.1.1.pdf
./PDF/H02.05.1.pdf
./PDF/Q05.05.2.pdf
./PDF/T02.1.4.pdf
./PDF/T12.1.4.pdf
./PDF/C02.14.1.pdf
./PDF/B06.13.1.pdf::Invalid row count encountered::[]
./PDF/P01.02.2.pdf
./PDF/YT.0.36.pdf
./PDF/R01.01.2.pdf
./PDF/U01.04.1.pdf
./PDF/E02.05.2.pdf
./PDF/L01.03.1.pdf
./PDF/KT.2.1.pdf
./PDF/A05.09.1.pdf
./PDF/ST.1.2.pdf
./PDF/N01.02.1.pdf
./PDF/B06.11.1.pdf::Invalid row count encountered::[]
./PDF/L01.01.1.pdf
./PDF/E03.07.2.pdf
./PDF/YT.0.20.pdf
./PDF/S01.1.2.pdf
./PDF/U01.06.1.pdf::Invalid row count encountered::[]
./PDF/H03.07.1.pdf
./PDF/Z38.1.1.pdf
./PDF/Z28.1.1.pdf::Invalid row count encountered::[]
./PDF/D03.13.2.pdf
./PDF/T13.1.3.pdf::Invalid row count encountered::[]
./PDF/Z81.1.1.pdf::Invalid row count encountered::[]
./PDF/T03.1.3.pdf
./PDF/J02.04.1.pdf
./PDF/G02.02.4.pdf
./PDF/Q03.02.2.pdf
./PDF/G02.02.5.pdf
./PDF/T03.1.2.pdf
./PDF/C04.13.1.pdf
./PDF/T13.1.2.pdf
./PDF/D03.13.3.pdf::Invalid row count encountered::[]
./PDF/H02.05.2.pdf
./PDF/Q05.05.1.pdf
./PDF/C02.14.2.pdf
./PDF/B06.13.2.pdf
./PDF/S01.1.3.pdf
./PDF/ST.3.1.pdf
./PDF/RT.3.1.pdf
./PDF/P01.02.1.pdf
./PDF/E03.07.3.pdf
./PDF/YT.0.35.pdf
./PDF/R01.01.1.pdf::Invalid row count encountered::[]
./PDF/E02.05.1.pdf::Invalid row count encountered::[]
./PDF/T10.1.5.pdf
./PDF/YT.0.7.pdf::Invalid row count encountered::[]
./PDF/G03.03.2.pdf
./PDF/TT.1.1.pdf
./PDF/B02.05.1.pdf
./PDF/UT.1.1.pdf
./PDF/Z51.1.1.pdf::Invalid row count encountered::[]
./PDF/Z41.1.1.pdf
./PDF/Z33.1.1.pdf
./PDF/Z23.1.1.pdf
./PDF/O02.05.2.pdf
./PDF/GT.2.1.pdf
./PDF/S02.1.4.pdf
./PDF/FT.2.1.pdf
./PDF/A03.12.1.pdf
./PDF/P03.08.2.pdf
./PDF/C03.11.1.pdf
./PDF/S03.1.1.pdf
./PDF/T08.1.3.pdf
./PDF/AT.5.2.pdf
./PDF/T08.1.2.pdf
./PDF/A01.04.1.pdf::Invalid row count encountered::[]
./PDF/O03.07.1.pdf
./PDF/D04.11.2.pdf
./PDF/D01.02.2.pdf::Invalid row count encountered::[]
./PDF/S02.1.5.pdf
./PDF/O02.05.3.pdf::Invalid row count encountered::[]
./PDF/C02.08.1.pdf
./PDF/T01.1.1.pdf
./PDF/T11.1.1.pdf
./PDF/N03.13.1.pdf::Invalid row count encountered::[]
./PDF/ST.4.1.pdf
./PDF/T10.1.4.pdf
./PDF/X02.1.1.pdf::Invalid row count encountered::[]
./PDF/B02.07.2.pdf
./PDF/K01.01.1.pdf
./PDF/ST.6.1.pdf
./PDF/N02.11.1.pdf::Invalid row count encountered::[]
./PDF/YT.0.4.pdf::Invalid row count encountered::[]
./PDF/G03.03.1.pdf::Invalid row count encountered::[]
./PDF/MT.2.1.pdf
./PDF/LT.2.1.pdf
./PDF/UT.1.2.pdf
./PDF/TT.1.2.pdf
./PDF/B02.05.2.pdf
./PDF/D04.08.1.pdf::Invalid row count encountered::[]
./PDF/T01.1.3.pdf::Invalid row count encountered::[]
./PDF/Z83.1.1.pdf
./PDF/T11.1.3.pdf
./PDF/O02.05.1.pdf
./PDF/T09.1.5.pdf::Invalid row count encountered::[]
./PDF/A04.08.4.pdf
./PDF/P03.08.1.pdf
./PDF/C03.11.2.pdf
./PDF/A01.04.3.pdf::Invalid row count encountered::[]
./PDF/O03.07.3.pdf
./PDF/S03.1.2.pdf::Invalid row count encountered::[]
./PDF/AT.5.1.pdf
./PDF/M02.06.1.pdf
./PDF/Z58.1.1.pdf::Invalid row count encountered::[]
./PDF/A02.10.1.pdf::Invalid row count encountered::[]
./PDF/T08.1.1.pdf
./PDF/S03.1.3.pdf::Invalid row count encountered::[]
./PDF/O03.07.2.pdf
./PDF/A01.04.2.pdf
./PDF/D04.11.1.pdf::Invalid row count encountered::[]
./PDF/D01.02.1.pdf
./PDF/N03.08.1.pdf
./PDF/T09.1.4.pdf
./PDF/Z05.1.1.pdf
./PDF/T11.1.2.pdf
./PDF/T01.1.2.pdf
./PDF/TT.1.3.pdf
./PDF/X02.1.2.pdf
./PDF/YT.0.5.pdf
./PDF/B02.07.1.pdf::Invalid row count encountered::[]
./PDF/AT.3.2.pdf
./PDF/J02.05.1.pdf
./PDF/Z82.1.1.pdf
./PDF/T10.1.3.pdf
./PDF/YT.0.1.pdf
./PDF/YT.0.40.pdf
./PDF/TT.1.7.pdf
./PDF/H02.06.1.pdf
./PDF/A03.14.1.pdf::Invalid row count encountered::[]
./PDF/Q02.01.1.pdf
./PDF/FT.4.1.pdf
./PDF/E02.06.2.pdf
./PDF/O02.05.4.pdf
./PDF/Z59.1.1.pdf
./PDF/Z49.1.1.pdf
./PDF/S02.1.2.pdf::Invalid row count encountered::[]
./PDF/U01.07.1.pdf::Invalid row count encountered::[]
./PDF/F02.08.3.pdf
./PDF/A04.08.1.pdf
./PDF/P01.01.2.pdf
./PDF/N01.03.1.pdf::Invalid row count encountered::[]
./PDF/T08.1.5.pdf
./PDF/B06.10.1.pdf
./PDF/T08.1.4.pdf
./PDF/Z04.1.1.pdf::Invalid row count encountered::[]
./PDF/F02.08.2.pdf
./PDF/K01.07.1.pdf::Invalid row count encountered::[]
./PDF/S02.1.3.pdf
./PDF/T09.1.1.pdf
./PDF/ST.2.1.pdf
./PDF/RT.2.1.pdf
./PDF/AT.1.1.pdf
./PDF/C01.01.1.pdf
./PDF/O04.06.2.pdf::Invalid row count encountered::[]
./PDF/TT.1.6.pdf
./PDF/D02.10.1.pdf
./PDF/Z66.1.1.pdf
./PDF/T10.1.2.pdf
./PDF/Z76.1.1.pdf
./PDF/N04.09.1.pdf::Invalid row count encountered::[]
./PDF/C04.12.1.pdf
./PDF/H02.04.2.pdf
./PDF/A01.02.1.pdf
./PDF/D03.12.1.pdf::Invalid row count encountered::[]
./PDF/Z40.1.1.pdf
./PDF/Z50.1.1.pdf
./PDF/AT.3.1.pdf
./PDF/C01.03.1.pdf::Invalid row count encountered::[]
./PDF/Q04.06.1.pdf
./PDF/YT.0.2.pdf::Invalid row count encountered::[]
./PDF/H02.06.2.pdf::Invalid row count encountered::[]
./PDF/TT.1.4.pdf
./PDF/C04.10.1.pdf
./PDF/A03.14.2.pdf
./PDF/AT.1.3.pdf
./PDF/T11.1.5.pdf
./PDF/Q02.01.2.pdf
./PDF/T01.1.5.pdf
./PDF/E02.06.1.pdf
./PDF/T09.1.3.pdf
./PDF/S02.1.1.pdf
./PDF/Z22.1.1.pdf
./PDF/A04.08.2.pdf
./PDF/Z32.1.1.pdf::Invalid row count encountered::[]
./PDF/P01.01.1.pdf
./PDF/W04.1.1.pdf::Invalid row count encountered::[]
./PDF/U01.05.1.pdf
./PDF/A04.08.3.pdf
./PDF/L01.02.1.pdf::Invalid row count encountered::[]
./PDF/F02.08.1.pdf
./PDF/T09.1.2.pdf
./PDF/N01.01.1.pdf
./PDF/ST.2.2.pdf
./PDF/JT.1.1.pdf
./PDF/KT.1.1.pdf
./PDF/T01.1.4.pdf::Invalid row count encountered::[]
./PDF/Q02.01.3.pdf
./PDF/X03.1.1.pdf
./PDF/T11.1.4.pdf
./PDF/AT.1.2.pdf
./PDF/D01.04.1.pdf::Invalid row count encountered::[]
./PDF/O04.06.1.pdf
./PDF/D02.10.2.pdf
./PDF/YT.0.3.pdf::Invalid row count encountered::[]
./PDF/T10.1.1.pdf
./PDF/Q03.03.1.pdf
./PDF/H02.04.1.pdf
./PDF/IT.2.1.pdf
./PDF/F01.09.3.pdf
./PDF/W01.1.1.pdf
./PDF/HT.2.1.pdf
./PDF/S06.1.5.pdf
./PDF/PT.1.2.pdf
./PDF/TT.1.8.pdf
./PDF/N04.05.2.pdf
./PDF/B01.02.1.pdf
./PDF/H03.08.1.pdf
./PDF/Z08.1.1.pdf
./PDF/Z18.1.1.pdf::Invalid row count encountered::[]
./PDF/ET.5.1.pdf
./PDF/F03.04.1.pdf
./PDF/T14.1.4.pdf
./PDF/T04.1.4.pdf
./PDF/M01.01.2.pdf
./PDF/D03.07.1.pdf
./PDF/T05.1.1.pdf
./PDF/T15.1.1.pdf
./PDF/A05.06.1.pdf
./PDF/Z55.1.1.pdf
./PDF/Z45.1.1.pdf::Invalid row count encountered::[]
./PDF/A02.03.1.pdf
./PDF/F01.12.1.pdf::Invalid row count encountered::[]
./PDF/T04.1.5.pdf
./PDF/M01.03.1.pdf
./PDF/PT.3.1.pdf
./PDF/QT.3.1.pdf
./PDF/S07.1.1.pdf
./PDF/TT.1.9.pdf::Invalid row count encountered::[]
./PDF/I03.05.1.pdf::Invalid row count encountered::[]
./PDF/S06.1.4.pdf
./PDF/F01.09.2.pdf
./PDF/K02.06.1.pdf::Invalid row count encountered::[]
./PDF/R02.01.1.pdf
./PDF/R03.01.1.pdf::Invalid row count encountered::[]
./PDF/Z37.1.1.pdf::Invalid row count encountered::[]
./PDF/Q04.08.1.pdf
./PDF/I03.07.1.pdf
./PDF/R02.01.3.pdf
./PDF/Z01.1.1.pdf
./PDF/E04.14.1.pdf
./PDF/R03.01.3.pdf
./PDF/W01.1.2.pdf::Invalid row count encountered::[]
./PDF/PT.1.1.pdf
./PDF/QT.1.1.pdf
./PDF/V02.1.1.pdf::Invalid row count encountered::[]
./PDF/N04.05.1.pdf::Invalid row count encountered::[]
./PDF/H03.08.2.pdf
./PDF/S07.1.3.pdf
./PDF/O01.02.1.pdf
./PDF/E02.08.1.pdf
./PDF/W08.1.1.pdf
./PDF/CT.2.1.pdf
./PDF/M01.01.1.pdf
./PDF/BT.2.1.pdf::Invalid row count encountered::[]
./PDF/O04.11.1.pdf::Invalid row count encountered::[]
./PDF/Z73.1.1.pdf
./PDF/T15.1.2.pdf::Invalid row count encountered::[]
./PDF/T05.1.2.pdf
./PDF/Z63.1.1.pdf::Invalid row count encountered::[]
./PDF/A05.06.2.pdf
./PDF/T05.1.3.pdf
./PDF/F03.06.1.pdf
./PDF/T15.1.3.pdf
./PDF/D02.05.1.pdf
./PDF/PT.3.2.pdf
./PDF/S07.1.2.pdf
./PDF/H03.08.3.pdf
./PDF/F01.09.1.pdf
./PDF/R03.01.2.pdf::Invalid row count encountered::[]
./PDF/R02.01.2.pdf
./PDF/J01.02.1.pdf
./PDF/YT.0.8.pdf
./PDF/E04.09.1.pdf
./PDF/S06.1.3.pdf
./PDF/DT.3.1.pdf
./PDF/ET.3.1.pdf
./PDF/Z10.1.1.pdf::Invalid row count encountered::[]
./PDF/F03.02.1.pdf
./PDF/H01.01.1.pdf
./PDF/OT.3.2.pdf
./PDF/B01.04.1.pdf::Invalid row count encountered::[]
./PDF/E01.01.2.pdf
./PDF/T04.1.2.pdf
./PDF/Z62.1.1.pdf::Invalid row count encountered::[]
./PDF/T14.1.2.pdf
./PDF/E04.12.2.pdf
./PDF/O03.09.1.pdf
./PDF/E01.03.1.pdf
./PDF/L02.05.2.pdf
./PDF/NT.1.1.pdf
./PDF/OT.1.1.pdf
./PDF/B03.12.1.pdf
./PDF/U02.02.2.pdf
./PDF/T14.1.3.pdf
./PDF/E01.01.3.pdf::Invalid row count encountered::[]
./PDF/T04.1.3.pdf
./PDF/P02.04.1.pdf
./PDF/QT.5.1.pdf
./PDF/I02.03.1.pdf
./PDF/E04.10.1.pdf::Invalid row count encountered::[]
./PDF/BT.6.1.pdf
./PDF/A02.05.1.pdf::Invalid row count encountered::[]
./PDF/S06.1.2.pdf
./PDF/YT.0.9.pdf
./PDF/ET.1.2.pdf
./PDF/DT.1.2.pdf
./PDF/CT.4.1.pdf
./PDF/BT.4.1.pdf
./PDF/A02.05.3.pdf
./PDF/H01.01.2.pdf::Invalid row count encountered::[]
./PDF/NT.3.1.pdf
./PDF/OT.3.1.pdf
./PDF/T14.1.1.pdf
./PDF/T04.1.1.pdf
./PDF/E01.01.1.pdf
./PDF/Z19.1.1.pdf
./PDF/E04.12.1.pdf
./PDF/Z09.1.1.pdf
./PDF/I02.01.1.pdf::Invalid row count encountered::[]
./PDF/P03.06.1.pdf
./PDF/T05.1.4.pdf
./PDF/T15.1.4.pdf
./PDF/L02.05.1.pdf
./PDF/T05.1.5.pdf
./PDF/OT.1.2.pdf
./PDF/NT.1.2.pdf
./PDF/B03.12.2.pdf
./PDF/U02.02.1.pdf
./PDF/QT.5.2.pdf
./PDF/Z44.1.1.pdf
./PDF/Z54.1.1.pdf
./PDF/N03.06.1.pdf
./PDF/Z26.1.1.pdf::Invalid row count encountered::[]
./PDF/Z36.1.1.pdf
./PDF/S06.1.1.pdf
./PDF/A02.05.2.pdf
./PDF/DT.1.1.pdf
./PDF/R02.01.4.pdf
./PDF/ET.1.1.pdf
./PDF/CT.3.1.pdf
./PDF/Z70.1.1.pdf
./PDF/I01.09.1.pdf::Invalid row count encountered::[]
./PDF/BT.3.1.pdf
./PDF/Z60.1.1.pdf::Invalid row count encountered::[]
./PDF/T06.1.2.pdf::Invalid row count encountered::[]
./PDF/O04.10.1.pdf
./PDF/F01.11.1.pdf
./PDF/YT.0.38.pdf::Invalid row count encountered::[]
./PDF/G01.01.5.pdf
./PDF/YT.0.10.pdf
./PDF/Q01.01.2.pdf
./PDF/O01.03.1.pdf
./PDF/B04.09.3.pdf
./PDF/B05.09.3.pdf
./PDF/S04.1.3.pdf
./PDF/N04.04.1.pdf::Invalid row count encountered::[]
./PDF/H03.09.2.pdf
./PDF/K02.05.1.pdf::Invalid row count encountered::[]
./PDF/NT.4.1.pdf
./PDF/Q04.09.1.pdf::Invalid row count encountered::[]
./PDF/I03.06.1.pdf
./PDF/W02.1.2.pdf
./PDF/E04.15.1.pdf
./PDF/S07.2.1.pdf
./PDF/Z12.1.1.pdf::Invalid row count encountered::[]
./PDF/B01.01.1.pdf
./PDF/W02.1.3.pdf
./PDF/PT.2.2.pdf
./PDF/IT.1.1.pdf
./PDF/HT.1.1.pdf
./PDF/I01.10.1.pdf
./PDF/S04.1.2.pdf::Invalid row count encountered::[]
./PDF/I02.04.2.pdf::Invalid row count encountered::[]
./PDF/B05.09.2.pdf
./PDF/B04.09.2.pdf
./PDF/Q01.01.3.pdf
./PDF/YT.0.11.pdf
./PDF/YT.0.39.pdf
./PDF/G01.01.4.pdf
./PDF/F02.07.1.pdf
./PDF/T06.1.3.pdf
./PDF/D02.06.1.pdf::Invalid row count encountered::[]
./PDF/T06.1.1.pdf
./PDF/CT.3.2.pdf
./PDF/A05.07.1.pdf
./PDF/T07.1.4.pdf
./PDF/U01.08.1.pdf
./PDF/Q01.01.1.pdf
./PDF/ET.4.1.pdf
./PDF/YT.0.13.pdf
./PDF/F03.05.1.pdf
./PDF/Z69.1.1.pdf
./PDF/Z79.1.1.pdf::Invalid row count encountered::[]
./PDF/B01.03.1.pdf
./PDF/H03.09.1.pdf
./PDF/I01.10.3.pdf
./PDF/W02.1.1.pdf::Invalid row count encountered::[]
./PDF/I03.06.2.pdf::Invalid row count encountered::[]
./PDF/Q04.09.2.pdf
./PDF/S05.1.5.pdf
./PDF/S07.2.2.pdf
./PDF/Z34.1.1.pdf
./PDF/B01.01.2.pdf
./PDF/E01.04.1.pdf
./PDF/Z24.1.1.pdf
./PDF/S05.1.4.pdf
./PDF/PT.2.1.pdf
./PDF/QT.2.1.pdf
./PDF/P02.03.1.pdf::Invalid row count encountered::[]
./PDF/I01.10.2.pdf::Invalid row count encountered::[]
./PDF/I02.04.1.pdf
./PDF/S04.1.1.pdf
./PDF/B04.09.1.pdf
./PDF/B05.09.1.pdf
./PDF/YT.0.12.pdf
./PDF/CT.1.1.pdf
./PDF/BT.1.1.pdf
./PDF/M01.02.1.pdf
./PDF/K01.08.1.pdf
./PDF/O01.01.1.pdf::Invalid row count encountered::[]
./PDF/Z56.1.1.pdf
./PDF/Z46.1.1.pdf
./PDF/F01.13.1.pdf
./PDF/E05.13.1.pdf::Invalid row count encountered::[]
./PDF/X04.1.1.pdf
./PDF/T06.1.4.pdf
./PDF/P03.07.1.pdf
./PDF/Q01.01.4.pdf
./PDF/U02.01.2.pdf
./PDF/YT.0.16.pdf
./PDF/G01.01.3.pdf
./PDF/T07.1.1.pdf
./PDF/NT.2.1.pdf
./PDF/B05.09.5.pdf
./PDF/OT.2.1.pdf
./PDF/K02.03.1.pdf
./PDF/ET.2.2.pdf
./PDF/S04.1.5.pdf
./PDF/W03.1.1.pdf::Invalid row count encountered::[]
./PDF/C02.05.1.pdf::Invalid row count encountered::[]
./PDF/F03.01.1.pdf
./PDF/B03.08.1.pdf
./PDF/H01.02.1.pdf
./PDF/S05.1.1.pdf
./PDF/Z25.1.1.pdf
./PDF/Z35.1.1.pdf::Invalid row count encountered::[]
./PDF/J01.01.1.pdf
./PDF/C03.07.2.pdf
./PDF/S04.1.4.pdf
./PDF/P02.05.2.pdf::Invalid row count encountered::[]
./PDF/QT.4.2.pdf
./PDF/B04.09.4.pdf
./PDF/B05.09.4.pdf
./PDF/N03.07.1.pdf
./PDF/G01.01.2.pdf::Invalid row count encountered::[]
./PDF/Z47.1.1.pdf
./PDF/YT.0.17.pdf
./PDF/Z57.1.1.pdf::Invalid row count encountered::[]
./PDF/E05.11.2.pdf
./PDF/L02.04.1.pdf::Invalid row count encountered::[]
./PDF/T06.1.5.pdf
./PDF/U02.03.1.pdf
./PDF/E05.13.2.pdf
./PDF/YT.0.15.pdf
./PDF/U02.01.1.pdf
./PDF/Z61.1.1.pdf::Invalid row count encountered::[]
./PDF/YT.0.29.pdf
./PDF/T07.1.2.pdf
./PDF/Z71.1.1.pdf
./PDF/K02.03.2.pdf
./PDF/DT.2.1.pdf
./PDF/W03.1.2.pdf
./PDF/Z03.1.1.pdf
./PDF/Z13.1.1.pdf
./PDF/F03.03.1.pdf::Invalid row count encountered::[]
./PDF/J01.03.1.pdf
./PDF/S05.1.3.pdf
./PDF/H01.02.2.pdf
./PDF/S05.1.2.pdf
./PDF/C03.07.1.pdf
./PDF/M01.04.1.pdf::Invalid row count encountered::[]
./PDF/QT.4.1.pdf
./PDF/P02.05.1.pdf
./PDF/G01.01.1.pdf
./PDF/I03.02.1.pdf::Invalid row count encountered::[]
./PDF/T07.1.3.pdf
./PDF/E05.11.1.pdf::Invalid row count encountered::[]
./PDF/YT.0.14.pdf
./PDF/E01.02.1.pdf