./PDF/box-D02.10.1.pdf
./PDF/box-O04.06.2.pdf
./PDF/box-BT.2.1.pdf::Invalid row count encountered::[]
./PDF/box-CT.2.1.pdf
./PDF/box-C01.01.1.pdf
./PDF/box-S04.1.2.pdf
./PDF/box-H02.04.2.pdf
./PDF/box-A01.02.1.pdf
./PDF/box-C04.12.1.pdf
./PDF/box-W02.1.3.pdf
./PDF/box-N04.09.1.pdf
./PDF/box-F02.08.2.pdf
./PDF/box-K01.07.1.pdf::Invalid row count encountered::[]
./PDF/box-T06.1.3.pdf
./PDF/box-QT.1.1.pdf
./PDF/box-PT.1.1.pdf
./PDF/box-YT.0.11.pdf
./PDF/box-YT.0.10.pdf::Invalid row count encountered::[]
./PDF/box-U01.07.1.pdf::Invalid row count encountered::[]
./PDF/box-E02.06.2.pdf
./PDF/box-O02.05.4.pdf
./PDF/box-B06.10.1.pdf::Invalid row count encountered::[]
./PDF/box-PT.3.2.pdf
./PDF/box-Z60.1.1.pdf
./PDF/box-T06.1.2.pdf::Invalid row count encountered::[]
./PDF/box-N01.03.1.pdf
./PDF/box-Z70.1.1.pdf
./PDF/box-A04.08.1.pdf::Invalid row count encountered::[]
./PDF/box-P01.01.2.pdf::Invalid row count encountered::[]
./PDF/box-F02.08.3.pdf
./PDF/box-W02.1.2.pdf
./PDF/box-J02.05.1.pdf
./PDF/box-Z12.1.1.pdf
./PDF/box-S07.2.1.pdf::Invalid row count encountered::[]
./PDF/box-Q02.01.1.pdf
./PDF/box-A03.14.1.pdf::Invalid row count encountered::[]
./PDF/box-S04.1.3.pdf
./PDF/box-H02.06.1.pdf
./PDF/box-D02.10.2.pdf
./PDF/box-O04.06.1.pdf
./PDF/box-S04.1.1.pdf
./PDF/box-D01.04.1.pdf
./PDF/box-Q02.01.3.pdf
./PDF/box-Z24.1.1.pdf
./PDF/box-ET.5.1.pdf
./PDF/box-Z34.1.1.pdf::Invalid row count encountered::[]
./PDF/box-H02.04.1.pdf
./PDF/box-S05.1.4.pdf
./PDF/box-Q03.03.1.pdf::Invalid row count encountered::[]
./PDF/box-L01.02.1.pdf::Invalid row count encountered::[]
./PDF/box-F02.08.1.pdf::Invalid row count encountered::[]
./PDF/box-A04.08.3.pdf
./PDF/box-Z46.1.1.pdf
./PDF/box-Z56.1.1.pdf::Invalid row count encountered::[]
./PDF/box-U01.05.1.pdf
./PDF/box-PT.1.2.pdf
./PDF/box-N01.01.1.pdf
./PDF/box-HT.2.1.pdf
./PDF/box-IT.2.1.pdf
./PDF/box-YT.0.12.pdf
./PDF/box-YT.0.13.pdf
./PDF/box-T07.1.4.pdf
./PDF/box-E02.06.1.pdf
./PDF/box-QT.3.1.pdf
./PDF/box-PT.3.1.pdf
./PDF/box-T06.1.1.pdf
./PDF/box-A04.08.2.pdf
./PDF/box-P01.01.1.pdf
./PDF/box-S05.1.5.pdf
./PDF/box-C01.03.1.pdf
./PDF/box-Q04.06.1.pdf
./PDF/box-W02.1.1.pdf
./PDF/box-D03.12.1.pdf::Invalid row count encountered::[]
./PDF/box-S07.2.2.pdf
./PDF/box-Q02.01.2.pdf
./PDF/box-Z79.1.1.pdf::Invalid row count encountered::[]
./PDF/box-A03.14.2.pdf
./PDF/box-Z69.1.1.pdf::Invalid row count encountered::[]
./PDF/box-C04.10.1.pdf
./PDF/box-H02.06.2.pdf::Invalid row count encountered::[]
./PDF/box-Z35.1.1.pdf
./PDF/box-Z25.1.1.pdf
./PDF/box-N03.13.1.pdf
./PDF/box-C02.08.1.pdf
./PDF/box-S04.1.4.pdf
./PDF/box-B02.07.2.pdf
./PDF/box-K01.01.1.pdf
./PDF/box-OT.3.1.pdf
./PDF/box-S05.1.1.pdf
./PDF/box-NT.3.1.pdf
./PDF/box-D04.11.2.pdf
./PDF/box-A01.04.1.pdf::Invalid row count encountered::[]
./PDF/box-O03.07.1.pdf
./PDF/box-T06.1.5.pdf
./PDF/box-BT.4.1.pdf
./PDF/box-CT.4.1.pdf
./PDF/box-O02.05.3.pdf
./PDF/box-Z57.1.1.pdf
./PDF/box-YT.0.17.pdf
./PDF/box-Z47.1.1.pdf::Invalid row count encountered::[]
./PDF/box-D01.02.2.pdf
./PDF/box-T07.1.1.pdf
./PDF/box-A03.12.1.pdf
./PDF/box-YT.0.16.pdf
./PDF/box-ET.1.1.pdf
./PDF/box-O02.05.2.pdf
./PDF/box-DT.1.1.pdf
./PDF/box-T06.1.4.pdf
./PDF/box-X04.1.1.pdf
./PDF/box-C03.11.1.pdf
./PDF/box-P03.08.2.pdf
./PDF/box-G03.03.2.pdf
./PDF/box-QT.5.2.pdf
./PDF/box-W03.1.1.pdf
./PDF/box-NT.1.2.pdf
./PDF/box-S04.1.5.pdf
./PDF/box-B02.05.1.pdf
./PDF/box-B02.07.1.pdf
./PDF/box-S05.1.2.pdf
./PDF/box-OT.3.2.pdf
./PDF/box-D04.11.1.pdf
./PDF/box-ET.3.1.pdf
./PDF/box-O03.07.2.pdf
./PDF/box-A01.04.2.pdf
./PDF/box-DT.3.1.pdf
./PDF/box-A02.10.1.pdf
./PDF/box-YT.0.14.pdf
./PDF/box-YT.0.8.pdf::Invalid row count encountered::[]
./PDF/box-T07.1.3.pdf
./PDF/box-D01.02.1.pdf
./PDF/box-N03.08.1.pdf
./PDF/box-Z71.1.1.pdf::Invalid row count encountered::[]
./PDF/box-YT.0.9.pdf::Invalid row count encountered::[]
./PDF/box-Z61.1.1.pdf::Invalid row count encountered::[]
./PDF/box-YT.0.29.pdf::Invalid row count encountered::[]
./PDF/box-T07.1.2.pdf
./PDF/box-YT.0.15.pdf
./PDF/box-O02.05.1.pdf
./PDF/box-DT.1.2.pdf
./PDF/box-ET.1.2.pdf
./PDF/box-M02.06.1.pdf
./PDF/box-C03.11.2.pdf
./PDF/box-A01.04.3.pdf
./PDF/box-O03.07.3.pdf::Invalid row count encountered::[]
./PDF/box-A04.08.4.pdf
./PDF/box-BT.6.1.pdf
./PDF/box-P03.08.1.pdf::Invalid row count encountered::[]
./PDF/box-QT.5.1.pdf
./PDF/box-S05.1.3.pdf
./PDF/box-G03.03.1.pdf
./PDF/box-N02.11.1.pdf::Invalid row count encountered::[]
./PDF/box-OT.1.1.pdf
./PDF/box-W03.1.2.pdf
./PDF/box-NT.1.1.pdf
./PDF/box-D04.08.1.pdf
./PDF/box-B02.05.2.pdf
./PDF/box-Z13.1.1.pdf
./PDF/box-Z03.1.1.pdf
./PDF/box-T04.1.5.pdf
./PDF/box-P01.02.2.pdf
./PDF/box-B06.13.1.pdf::Invalid row count encountered::[]
./PDF/box-E02.05.2.pdf
./PDF/box-L01.03.1.pdf
./PDF/box-Z45.1.1.pdf
./PDF/box-Z55.1.1.pdf
./PDF/box-U01.04.1.pdf
./PDF/box-R01.01.2.pdf
./PDF/box-ET.4.1.pdf
./PDF/box-H02.05.1.pdf
./PDF/box-S06.1.4.pdf
./PDF/box-C04.13.2.pdf
./PDF/box-Z37.1.1.pdf
./PDF/box-Q03.02.1.pdf
./PDF/box-C02.14.1.pdf
./PDF/box-S07.1.1.pdf
./PDF/box-Q05.05.2.pdf
./PDF/box-Q05.05.3.pdf
./PDF/box-F02.10.1.pdf
./PDF/box-A01.01.1.pdf
./PDF/box-I03.08.1.pdf::Invalid row count encountered::[]
./PDF/box-Q05.07.1.pdf::Invalid row count encountered::[]
./PDF/box-C01.02.1.pdf
./PDF/box-BT.1.1.pdf
./PDF/box-CT.1.1.pdf
./PDF/box-S06.1.5.pdf
./PDF/box-D03.13.1.pdf
./PDF/box-W01.1.1.pdf
./PDF/box-R01.01.3.pdf::Invalid row count encountered::[]
./PDF/box-N01.02.2.pdf::Invalid row count encountered::[]
./PDF/box-QT.2.1.pdf
./PDF/box-PT.2.1.pdf
./PDF/box-G03.04.1.pdf::Invalid row count encountered::[]
./PDF/box-T15.1.1.pdf
./PDF/box-T05.1.1.pdf
./PDF/box-Z18.1.1.pdf
./PDF/box-Z08.1.1.pdf
./PDF/box-P01.02.3.pdf
./PDF/box-T04.1.4.pdf
./PDF/box-E03.07.1.pdf
./PDF/box-K01.04.1.pdf
./PDF/box-T14.1.4.pdf
./PDF/box-E03.07.3.pdf
./PDF/box-P01.02.1.pdf::Invalid row count encountered::[]
./PDF/box-B06.13.2.pdf
./PDF/box-T15.1.3.pdf
./PDF/box-E02.05.1.pdf
./PDF/box-T05.1.3.pdf
./PDF/box-NT.4.1.pdf
./PDF/box-R01.01.1.pdf
./PDF/box-D03.13.3.pdf
./PDF/box-H02.05.2.pdf
./PDF/box-C04.13.1.pdf
./PDF/box-G02.02.5.pdf
./PDF/box-Q03.02.2.pdf
./PDF/box-S07.1.2.pdf
./PDF/box-C02.14.2.pdf
./PDF/box-BT.3.1.pdf
./PDF/box-CT.3.1.pdf
./PDF/box-Q05.05.1.pdf
./PDF/box-V02.1.1.pdf
./PDF/box-S07.1.3.pdf::Invalid row count encountered::[]
./PDF/box-H03.07.1.pdf
./PDF/box-Z01.1.1.pdf
./PDF/box-J02.04.1.pdf::Invalid row count encountered::[]
./PDF/box-G02.02.4.pdf::Invalid row count encountered::[]
./PDF/box-D03.13.2.pdf
./PDF/box-HT.1.1.pdf
./PDF/box-IT.1.1.pdf
./PDF/box-B06.11.1.pdf::Invalid row count encountered::[]
./PDF/box-PT.2.2.pdf
./PDF/box-N01.02.1.pdf
./PDF/box-A05.09.1.pdf
./PDF/box-T05.1.2.pdf
./PDF/box-Z63.1.1.pdf
./PDF/box-Z73.1.1.pdf
./PDF/box-T15.1.2.pdf::Invalid row count encountered::[]
./PDF/box-U01.06.1.pdf
./PDF/box-W08.1.1.pdf
./PDF/box-L01.01.1.pdf::Invalid row count encountered::[]
./PDF/box-E03.07.2.pdf
./PDF/box-T04.1.3.pdf
./PDF/box-T14.1.3.pdf
./PDF/box-D01.03.1.pdf
./PDF/box-H02.03.1.pdf
./PDF/box-DT.2.1.pdf
./PDF/box-Q03.04.1.pdf
./PDF/box-A03.11.1.pdf
./PDF/box-O01.12.1.pdf
./PDF/box-S06.1.2.pdf
./PDF/box-B03.06.1.pdf
./PDF/box-Z10.1.1.pdf::Invalid row count encountered::[]
./PDF/box-D04.09.1.pdf
./PDF/box-K01.02.1.pdf
./PDF/box-G02.02.1.pdf
./PDF/box-QT.4.1.pdf
./PDF/box-N02.10.1.pdf::Invalid row count encountered::[]
./PDF/box-S06.1.3.pdf
./PDF/box-M02.07.1.pdf::Invalid row count encountered::[]
./PDF/box-C01.04.1.pdf
./PDF/box-P03.09.1.pdf
./PDF/box-T14.1.2.pdf
./PDF/box-O02.04.1.pdf
./PDF/box-T04.1.2.pdf
./PDF/box-Z62.1.1.pdf::Invalid row count encountered::[]
./PDF/box-Z54.1.1.pdf::Invalid row count encountered::[]
./PDF/box-Z44.1.1.pdf
./PDF/box-C01.06.1.pdf
./PDF/box-H02.03.2.pdf::Invalid row count encountered::[]
./PDF/box-T05.1.5.pdf
./PDF/box-ET.2.2.pdf
./PDF/box-M02.07.3.pdf::Invalid row count encountered::[]
./PDF/box-N02.10.3.pdf
./PDF/box-S06.1.1.pdf
./PDF/box-OT.2.1.pdf::Invalid row count encountered::[]
./PDF/box-G02.02.3.pdf
./PDF/box-NT.2.1.pdf
./PDF/box-N03.12.1.pdf
./PDF/box-Z36.1.1.pdf
./PDF/box-Z26.1.1.pdf
./PDF/box-C03.09.1.pdf
./PDF/box-G02.02.2.pdf::Invalid row count encountered::[]
./PDF/box-QT.4.2.pdf
./PDF/box-N02.10.2.pdf
./PDF/box-M02.07.2.pdf
./PDF/box-D01.01.1.pdf::Invalid row count encountered::[]
./PDF/box-Z09.1.1.pdf
./PDF/box-Z19.1.1.pdf::Invalid row count encountered::[]
./PDF/box-T15.1.4.pdf
./PDF/box-T05.1.4.pdf
./PDF/box-A03.13.1.pdf
./PDF/box-T04.1.1.pdf
./PDF/box-E03.07.4.pdf
./PDF/box-T14.1.1.pdf
./PDF/box-S02.1.5.pdf
./PDF/box-E05.11.2.pdf
./PDF/box-N03.07.1.pdf
./PDF/box-G01.01.2.pdf
./PDF/box-P02.05.2.pdf
./PDF/box-B04.09.4.pdf
./PDF/box-B05.09.4.pdf
./PDF/box-U02.03.1.pdf
./PDF/box-T08.1.2.pdf
./PDF/box-L02.04.1.pdf::Invalid row count encountered::[]
./PDF/box-X02.1.1.pdf
./PDF/box-T10.1.4.pdf
./PDF/box-F03.01.1.pdf
./PDF/box-FT.3.1.pdf::Invalid row count encountered::[]
./PDF/box-B03.08.1.pdf
./PDF/box-H01.02.1.pdf
./PDF/box-GT.3.1.pdf
./PDF/box-T11.1.1.pdf
./PDF/box-T01.1.1.pdf
./PDF/box-J01.01.1.pdf
./PDF/box-C03.07.2.pdf
./PDF/box-GT.1.2.pdf::Invalid row count encountered::[]
./PDF/box-Z41.1.1.pdf
./PDF/box-Z51.1.1.pdf
./PDF/box-C02.05.1.pdf::Invalid row count encountered::[]
./PDF/box-T10.1.5.pdf
./PDF/box-P03.07.1.pdf
./PDF/box-ST.5.1.pdf
./PDF/box-T08.1.3.pdf
./PDF/box-S03.1.1.pdf
./PDF/box-E05.13.1.pdf::Invalid row count encountered::[]
./PDF/box-K02.03.1.pdf
./PDF/box-Z23.1.1.pdf::Invalid row count encountered::[]
./PDF/box-B05.09.5.pdf
./PDF/box-Z33.1.1.pdf::Invalid row count encountered::[]
./PDF/box-LT.1.1.pdf
./PDF/box-G01.01.3.pdf::Invalid row count encountered::[]
./PDF/box-MT.1.1.pdf
./PDF/box-Q01.01.4.pdf
./PDF/box-U02.01.2.pdf::Invalid row count encountered::[]
./PDF/box-S02.1.4.pdf
./PDF/box-E05.11.1.pdf
./PDF/box-T09.1.4.pdf
./PDF/box-G01.01.1.pdf
./PDF/box-ST.7.1.pdf
./PDF/box-I03.02.1.pdf
./PDF/box-P02.05.1.pdf
./PDF/box-Z05.1.1.pdf::Invalid row count encountered::[]
./PDF/box-S03.1.3.pdf
./PDF/box-T08.1.1.pdf
./PDF/box-E01.02.1.pdf
./PDF/box-X02.1.2.pdf
./PDF/box-H01.02.2.pdf
./PDF/box-T01.1.2.pdf
./PDF/box-T11.1.2.pdf
./PDF/box-C03.07.1.pdf
./PDF/box-M01.04.1.pdf
./PDF/box-AT.4.1.pdf
./PDF/box-F03.03.1.pdf
./PDF/box-FT.1.1.pdf
./PDF/box-GT.1.1.pdf
./PDF/box-Z83.1.1.pdf
./PDF/box-T11.1.3.pdf
./PDF/box-T01.1.3.pdf
./PDF/box-J01.03.1.pdf
./PDF/box-Z58.1.1.pdf
./PDF/box-S03.1.2.pdf::Invalid row count encountered::[]
./PDF/box-E05.13.2.pdf
./PDF/box-K02.03.2.pdf
./PDF/box-T09.1.5.pdf::Invalid row count encountered::[]
./PDF/box-U02.01.1.pdf
./PDF/box-G01.01.4.pdf
./PDF/box-Q01.01.3.pdf
./PDF/box-T09.1.1.pdf
./PDF/box-S02.1.3.pdf
./PDF/box-B05.09.2.pdf::Invalid row count encountered::[]
./PDF/box-B04.09.2.pdf
./PDF/box-T08.1.4.pdf
./PDF/box-F02.07.1.pdf::Invalid row count encountered::[]
./PDF/box-Z04.1.1.pdf
./PDF/box-T10.1.2.pdf
./PDF/box-Z76.1.1.pdf
./PDF/box-Z66.1.1.pdf
./PDF/box-B01.01.1.pdf
./PDF/box-ST.1.2.pdf
./PDF/box-I02.04.2.pdf
./PDF/box-KT.2.1.pdf
./PDF/box-I01.10.1.pdf
./PDF/box-H03.09.2.pdf::Invalid row count encountered::[]
./PDF/box-K02.05.1.pdf
./PDF/box-N04.04.1.pdf::Invalid row count encountered::[]
./PDF/box-E04.15.1.pdf::Invalid row count encountered::[]
./PDF/box-Z82.1.1.pdf
./PDF/box-T10.1.3.pdf
./PDF/box-RT.3.1.pdf
./PDF/box-Q04.09.1.pdf
./PDF/box-ST.3.1.pdf
./PDF/box-I03.06.1.pdf
./PDF/box-O04.10.1.pdf::Invalid row count encountered::[]
./PDF/box-T08.1.5.pdf
./PDF/box-I01.09.1.pdf
./PDF/box-B04.09.3.pdf
./PDF/box-B05.09.3.pdf
./PDF/box-O01.03.1.pdf
./PDF/box-S02.1.2.pdf
./PDF/box-Q01.01.2.pdf
./PDF/box-F01.11.1.pdf::Invalid row count encountered::[]
./PDF/box-Z49.1.1.pdf
./PDF/box-Z59.1.1.pdf
./PDF/box-G01.01.5.pdf
./PDF/box-M01.02.1.pdf::Invalid row count encountered::[]
./PDF/box-T09.1.2.pdf
./PDF/box-B04.09.1.pdf
./PDF/box-B05.09.1.pdf
./PDF/box-F01.13.1.pdf
./PDF/box-W04.1.1.pdf
./PDF/box-K01.08.1.pdf
./PDF/box-O01.01.1.pdf::Invalid row count encountered::[]
./PDF/box-T10.1.1.pdf
./PDF/box-E01.04.1.pdf
./PDF/box-B01.01.2.pdf
./PDF/box-RT.1.1.pdf
./PDF/box-I02.04.1.pdf
./PDF/box-ST.1.1.pdf
./PDF/box-T11.1.4.pdf
./PDF/box-X03.1.1.pdf
./PDF/box-T01.1.4.pdf::Invalid row count encountered::[]
./PDF/box-I01.10.2.pdf
./PDF/box-P02.03.1.pdf::Invalid row count encountered::[]
./PDF/box-B01.03.1.pdf
./PDF/box-I01.10.3.pdf
./PDF/box-H03.09.1.pdf::Invalid row count encountered::[]
./PDF/box-T01.1.5.pdf
./PDF/box-T11.1.5.pdf
./PDF/box-I03.06.2.pdf
./PDF/box-Z50.1.1.pdf
./PDF/box-Q04.09.2.pdf
./PDF/box-Z40.1.1.pdf::Invalid row count encountered::[]
./PDF/box-A05.07.1.pdf::Invalid row count encountered::[]
./PDF/box-Z32.1.1.pdf::Invalid row count encountered::[]
./PDF/box-Z22.1.1.pdf
./PDF/box-D02.06.1.pdf
./PDF/box-F03.05.1.pdf
./PDF/box-U01.08.1.pdf
./PDF/box-Q01.01.1.pdf
./PDF/box-S02.1.1.pdf
./PDF/box-T09.1.3.pdf
./PDF/box-AT.5.1.pdf
./PDF/box-T02.1.2.pdf
./PDF/box-Z64.1.1.pdf
./PDF/box-T12.1.2.pdf
./PDF/box-A02.05.1.pdf
./PDF/box-U02.02.2.pdf
./PDF/box-TT.1.2.pdf
./PDF/box-UT.1.2.pdf
./PDF/box-LT.2.1.pdf
./PDF/box-B03.12.1.pdf
./PDF/box-MT.2.1.pdf
./PDF/box-O03.09.1.pdf
./PDF/box-E01.03.1.pdf
./PDF/box-L02.05.2.pdf::Invalid row count encountered::[]
./PDF/box-E04.10.1.pdf::Invalid row count encountered::[]
./PDF/box-Z06.1.1.pdf
./PDF/box-I02.03.1.pdf
./PDF/box-ST.6.1.pdf
./PDF/box-Z16.1.1.pdf
./PDF/box-P02.04.1.pdf
./PDF/box-YT.0.4.pdf::Invalid row count encountered::[]
./PDF/box-E01.01.3.pdf
./PDF/box-E01.01.2.pdf
./PDF/box-B01.04.1.pdf::Invalid row count encountered::[]
./PDF/box-YT.0.5.pdf
./PDF/box-YT.0.25.pdf
./PDF/box-E04.12.2.pdf
./PDF/box-TT.1.3.pdf
./PDF/box-E04.09.1.pdf
./PDF/box-J01.02.1.pdf
./PDF/box-Z39.1.1.pdf::Invalid row count encountered::[]
./PDF/box-F03.02.1.pdf
./PDF/box-H01.01.1.pdf
./PDF/box-T12.1.3.pdf
./PDF/box-Z80.1.1.pdf
./PDF/box-T02.1.3.pdf
./PDF/box-T12.1.1.pdf
./PDF/box-T02.1.1.pdf
./PDF/box-AT.5.2.pdf
./PDF/box-R02.01.4.pdf::Invalid row count encountered::[]
./PDF/box-T03.1.4.pdf
./PDF/box-X01.1.1.pdf::Invalid row count encountered::[]
./PDF/box-T13.1.4.pdf
./PDF/box-FT.2.1.pdf
./PDF/box-GT.2.1.pdf
./PDF/box-A02.05.2.pdf
./PDF/box-UT.1.1.pdf
./PDF/box-TT.1.1.pdf
./PDF/box-U02.02.1.pdf
./PDF/box-B03.12.2.pdf
./PDF/box-L02.05.1.pdf
./PDF/box-N03.06.1.pdf
./PDF/box-YT.0.7.pdf::Invalid row count encountered::[]
./PDF/box-YT.0.33.pdf
./PDF/box-E01.01.1.pdf
./PDF/box-Z20.1.1.pdf
./PDF/box-P03.06.1.pdf
./PDF/box-I02.01.1.pdf::Invalid row count encountered::[]
./PDF/box-ST.4.1.pdf
./PDF/box-E04.12.1.pdf
./PDF/box-A02.05.3.pdf
./PDF/box-T13.1.5.pdf
./PDF/box-H01.01.2.pdf::Invalid row count encountered::[]
./PDF/box-Z42.1.1.pdf
./PDF/box-Z52.1.1.pdf
./PDF/box-I03.05.1.pdf
./PDF/box-T12.1.4.pdf
./PDF/box-T02.1.4.pdf
./PDF/box-R02.01.1.pdf
./PDF/box-R03.01.1.pdf::Invalid row count encountered::[]
./PDF/box-F01.09.2.pdf
./PDF/box-K02.06.1.pdf::Invalid row count encountered::[]
./PDF/box-T03.1.1.pdf
./PDF/box-T13.1.1.pdf
./PDF/box-F01.12.1.pdf
./PDF/box-TT.1.4.pdf
./PDF/box-A02.03.1.pdf
./PDF/box-M01.03.1.pdf::Invalid row count encountered::[]
./PDF/box-YT.0.2.pdf::Invalid row count encountered::[]
./PDF/box-AT.3.1.pdf
./PDF/box-S01.1.1.pdf
./PDF/box-F03.04.1.pdf
./PDF/box-YT.0.3.pdf::Invalid row count encountered::[]
./PDF/box-A05.06.1.pdf::Invalid row count encountered::[]
./PDF/box-AT.1.2.pdf
./PDF/box-Z31.1.1.pdf
./PDF/box-Z21.1.1.pdf
./PDF/box-M01.01.2.pdf
./PDF/box-D03.07.1.pdf
./PDF/box-Z53.1.1.pdf::Invalid row count encountered::[]
./PDF/box-F01.09.3.pdf::Invalid row count encountered::[]
./PDF/box-Z43.1.1.pdf::Invalid row count encountered::[]
./PDF/box-KT.1.1.pdf
./PDF/box-JT.1.1.pdf
./PDF/box-ST.2.2.pdf
./PDF/box-B01.02.1.pdf::Invalid row count encountered::[]
./PDF/box-H03.08.1.pdf
./PDF/box-N04.05.2.pdf
./PDF/box-H03.08.3.pdf
./PDF/box-R03.01.2.pdf::Invalid row count encountered::[]
./PDF/box-R02.01.2.pdf::Invalid row count encountered::[]
./PDF/box-F01.09.1.pdf
./PDF/box-T13.1.2.pdf
./PDF/box-T03.1.2.pdf
./PDF/box-FT.4.1.pdf
./PDF/box-F03.06.1.pdf::Invalid row count encountered::[]
./PDF/box-D02.05.1.pdf
./PDF/box-YT.0.35.pdf
./PDF/box-YT.0.1.pdf
./PDF/box-S01.1.3.pdf
./PDF/box-AT.3.2.pdf
./PDF/box-S01.1.2.pdf::Invalid row count encountered::[]
./PDF/box-O01.02.1.pdf
./PDF/box-YT.0.20.pdf::Invalid row count encountered::[]
./PDF/box-E02.08.1.pdf::Invalid row count encountered::[]
./PDF/box-AT.1.1.pdf
./PDF/box-A05.06.2.pdf
./PDF/box-O04.11.1.pdf::Invalid row count encountered::[]
./PDF/box-TT.1.6.pdf
./PDF/box-M01.01.1.pdf
./PDF/box-T03.1.3.pdf
./PDF/box-T13.1.3.pdf
./PDF/box-Z81.1.1.pdf
./PDF/box-R02.01.3.pdf
./PDF/box-E04.14.1.pdf
./PDF/box-R03.01.3.pdf
./PDF/box-Q04.08.1.pdf::Invalid row count encountered::[]
./PDF/box-RT.2.1.pdf
./PDF/box-ST.2.1.pdf
./PDF/box-I03.07.1.pdf::Invalid row count encountered::[]
./PDF/box-H03.08.2.pdf
./PDF/box-Z28.1.1.pdf::Invalid row count encountered::[]
./PDF/box-N04.05.1.pdf::Invalid row count encountered::[]
./PDF/box-Z38.1.1.pdf::Invalid row count encountered::[]